app/build/intermediates/manifest_merge_blame_file/debug/manifest-merger-blame-debug-report.txt
1<?xml version="1.0" encoding="utf-8"?>
2<manifest xmlns:android="http://schemas.android.com/apk/res/android"
3    package="com.example.smartalerts"
4    android:versionCode="1"
5    android:versionName="1.0" >
6
7    <uses-sdk
8        android:minSdkVersion="28"
8-->src\main\AndroidManifest.xml
9        android:targetSdkVersion="32" />
9-->src\main\AndroidManifest.xml
10
11    <uses-permission android:name="android.permission.ACCESS_FINE_LOCATION" />
11-->src\main\AndroidManifest.xml:5:5-79
11-->src\main\AndroidManifest.xml:5:22-76
12    <uses-permission android:name="android.permission.ACCESS_COARSE_LOCATION" />
12-->src\main\AndroidManifest.xml:6:5-81
12-->src\main\AndroidManifest.xml:6:22-78
13    <uses-permission android:name="android.permission.READ_EXTERNAL_STORAGE" />
13-->src\main\AndroidManifest.xml:7:5-80
13-->src\main\AndroidManifest.xml:7:22-77
14    <uses-permission android:name="android.permission.POST_NOTIFICATIONS" />
14-->src\main\AndroidManifest.xml:8:5-77
14-->src\main\AndroidManifest.xml:8:22-74
15
16    <!-- Although the *SdkVersion is captured in gradle build files, this is required for non gradle builds -->
17    <!-- <uses-sdk android:minSdkVersion="14"/> -->
18    <uses-permission android:name="android.permission.ACCESS_NETWORK_STATE" />
18-->[com.google.firebase:firebase-database:20.1.0] AndroidManifest.xml:24:5-79
18-->[com.google.firebase:firebase-database:20.1.0] AndroidManifest.xml:24:22-76
19    <uses-permission android:name="android.permission.INTERNET" />
19-->[com.google.firebase:firebase-database:20.1.0] AndroidManifest.xml:25:5-67
19-->[com.google.firebase:firebase-database:20.1.0] AndroidManifest.xml:25:22-64
20
21    <uses-feature
21-->[com.google.android.gms:play-services-maps:18.1.0] AndroidManifest.xml:26:5-28:35
22        android:glEsVersion="0x00020000"
22-->[com.google.android.gms:play-services-maps:18.1.0] AndroidManifest.xml:27:9-41
23        android:required="true" />
23-->[com.google.android.gms:play-services-maps:18.1.0] AndroidManifest.xml:28:9-32
24
25    <queries>
25-->[com.google.android.gms:play-services-maps:18.1.0] AndroidManifest.xml:30:5-34:15
26
27        <!-- Needs to be explicitly declared on Android R+ -->
28        <package android:name="com.google.android.apps.maps" />
28-->[com.google.android.gms:play-services-maps:18.1.0] AndroidManifest.xml:33:9-64
28-->[com.google.android.gms:play-services-maps:18.1.0] AndroidManifest.xml:33:18-61
29    </queries>
30
31    <application
31-->src\main\AndroidManifest.xml:10:5-73:19
32        android:allowBackup="true"
32-->src\main\AndroidManifest.xml:11:9-35
33        android:appComponentFactory="androidx.core.app.CoreComponentFactory"
33-->[androidx.core:core:1.8.0] AndroidManifest.xml:24:18-86
34        android:dataExtractionRules="@xml/data_extraction_rules"
34-->src\main\AndroidManifest.xml:12:9-65
35        android:debuggable="true"
36        android:extractNativeLibs="false"
37        android:fullBackupContent="@xml/backup_rules"
37-->src\main\AndroidManifest.xml:13:9-54
38        android:icon="@drawable/icon"
38-->src\main\AndroidManifest.xml:14:9-38
39        android:label="@string/app_name"
39-->src\main\AndroidManifest.xml:15:9-41
40        android:requestLegacyExternalStorage="true"
40-->src\main\AndroidManifest.xml:16:9-52
41        android:supportsRtl="true"
41-->src\main\AndroidManifest.xml:17:9-35
42        android:theme="@style/Theme.SmartAlerts" >
42-->src\main\AndroidManifest.xml:18:9-49
43        <activity
43-->src\main\AndroidManifest.xml:20:9-26:20
44            android:name="com.example.smartalerts.UserMenuActivity"
44-->src\main\AndroidManifest.xml:21:13-45
45            android:exported="false" >
45-->src\main\AndroidManifest.xml:22:13-37
46            <meta-data
46-->src\main\AndroidManifest.xml:23:13-25:36
47                android:name="android.app.lib_name"
47-->src\main\AndroidManifest.xml:24:17-52
48                android:value="" />
48-->src\main\AndroidManifest.xml:25:17-33
49        </activity>
50        <activity
50-->src\main\AndroidManifest.xml:27:9-33:20
51            android:name="com.example.smartalerts.StatisticsActivity"
51-->src\main\AndroidManifest.xml:28:13-47
52            android:exported="false" >
52-->src\main\AndroidManifest.xml:29:13-37
53            <meta-data
53-->src\main\AndroidManifest.xml:23:13-25:36
54                android:name="android.app.lib_name"
54-->src\main\AndroidManifest.xml:24:17-52
55                android:value="" />
55-->src\main\AndroidManifest.xml:25:17-33
56        </activity>
57        <activity
57-->src\main\AndroidManifest.xml:34:9-40:20
58            android:name="com.example.smartalerts.MakeAlertActivity"
58-->src\main\AndroidManifest.xml:35:13-46
59            android:exported="false" >
59-->src\main\AndroidManifest.xml:36:13-37
60            <meta-data
60-->src\main\AndroidManifest.xml:23:13-25:36
61                android:name="android.app.lib_name"
61-->src\main\AndroidManifest.xml:24:17-52
62                android:value="" />
62-->src\main\AndroidManifest.xml:25:17-33
63        </activity>
64
65        <service
65-->src\main\AndroidManifest.xml:42:9-45:39
66            android:name="com.example.smartalerts.SmartAlertService"
66-->src\main\AndroidManifest.xml:43:13-46
67            android:enabled="true"
67-->src\main\AndroidManifest.xml:44:13-35
68            android:exported="true" />
68-->src\main\AndroidManifest.xml:45:13-36
69
70        <activity
70-->src\main\AndroidManifest.xml:47:9-53:20
71            android:name="com.example.smartalerts.EmployeeMenuActivity"
71-->src\main\AndroidManifest.xml:48:13-49
72            android:exported="false" >
72-->src\main\AndroidManifest.xml:49:13-37
73            <meta-data
73-->src\main\AndroidManifest.xml:23:13-25:36
74                android:name="android.app.lib_name"
74-->src\main\AndroidManifest.xml:24:17-52
75                android:value="" />
75-->src\main\AndroidManifest.xml:25:17-33
76        </activity>
77        <activity
77-->src\main\AndroidManifest.xml:54:9-56:40
78            android:name="com.example.smartalerts.UserEmergencyActivity"
78-->src\main\AndroidManifest.xml:55:13-50
79            android:exported="false" />
79-->src\main\AndroidManifest.xml:56:13-37
80        <activity
80-->src\main\AndroidManifest.xml:57:9-59:40
81            android:name="com.example.smartalerts.SignUp"
81-->src\main\AndroidManifest.xml:58:13-35
82            android:exported="false" />
82-->src\main\AndroidManifest.xml:59:13-37
83        <activity
83-->src\main\AndroidManifest.xml:60:9-72:20
84            android:name="com.example.smartalerts.MainActivity"
84-->src\main\AndroidManifest.xml:61:13-41
85            android:exported="true" >
85-->src\main\AndroidManifest.xml:62:13-36
86            <intent-filter>
86-->src\main\AndroidManifest.xml:63:13-67:29
87                <action android:name="android.intent.action.MAIN" />
87-->src\main\AndroidManifest.xml:64:17-69
87-->src\main\AndroidManifest.xml:64:25-66
88
89                <category android:name="android.intent.category.LAUNCHER" />
89-->src\main\AndroidManifest.xml:66:17-77
89-->src\main\AndroidManifest.xml:66:27-74
90            </intent-filter>
91
92            <meta-data
92-->src\main\AndroidManifest.xml:23:13-25:36
93                android:name="android.app.lib_name"
93-->src\main\AndroidManifest.xml:24:17-52
94                android:value="" />
94-->src\main\AndroidManifest.xml:25:17-33
95        </activity>
96
97        <service
97-->[com.google.firebase:firebase-database:20.1.0] AndroidManifest.xml:28:9-34:19
98            android:name="com.google.firebase.components.ComponentDiscoveryService"
98-->[com.google.firebase:firebase-database:20.1.0] AndroidManifest.xml:29:13-84
99            android:directBootAware="true"
99-->[com.google.firebase:firebase-common:20.2.0] AndroidManifest.xml:34:13-43
100            android:exported="false" >
100-->[com.google.firebase:firebase-database:20.1.0] AndroidManifest.xml:30:13-37
101            <meta-data
101-->[com.google.firebase:firebase-database:20.1.0] AndroidManifest.xml:31:13-33:85
102                android:name="com.google.firebase.components:com.google.firebase.database.DatabaseRegistrar"
102-->[com.google.firebase:firebase-database:20.1.0] AndroidManifest.xml:32:17-109
103                android:value="com.google.firebase.components.ComponentRegistrar" />
103-->[com.google.firebase:firebase-database:20.1.0] AndroidManifest.xml:33:17-82
104            <meta-data
104-->[com.google.firebase:firebase-auth:21.1.0] AndroidManifest.xml:67:13-69:85
105                android:name="com.google.firebase.components:com.google.firebase.auth.FirebaseAuthRegistrar"
105-->[com.google.firebase:firebase-auth:21.1.0] AndroidManifest.xml:68:17-109
106                android:value="com.google.firebase.components.ComponentRegistrar" />
106-->[com.google.firebase:firebase-auth:21.1.0] AndroidManifest.xml:69:17-82
107            <meta-data
107-->[com.google.firebase:firebase-storage:20.1.0] AndroidManifest.xml:32:13-34:85
108                android:name="com.google.firebase.components:com.google.firebase.storage.StorageRegistrar"
108-->[com.google.firebase:firebase-storage:20.1.0] AndroidManifest.xml:33:17-107
109                android:value="com.google.firebase.components.ComponentRegistrar" />
109-->[com.google.firebase:firebase-storage:20.1.0] AndroidManifest.xml:34:17-82
110        </service>
111
112        <activity
112-->[com.google.firebase:firebase-auth:21.1.0] AndroidManifest.xml:27:9-44:20
113            android:name="com.google.firebase.auth.internal.GenericIdpActivity"
113-->[com.google.firebase:firebase-auth:21.1.0] AndroidManifest.xml:28:13-80
114            android:excludeFromRecents="true"
114-->[com.google.firebase:firebase-auth:21.1.0] AndroidManifest.xml:29:13-46
115            android:exported="true"
115-->[com.google.firebase:firebase-auth:21.1.0] AndroidManifest.xml:30:13-36
116            android:launchMode="singleTask"
116-->[com.google.firebase:firebase-auth:21.1.0] AndroidManifest.xml:31:13-44
117            android:theme="@android:style/Theme.Translucent.NoTitleBar" >
117-->[com.google.firebase:firebase-auth:21.1.0] AndroidManifest.xml:32:13-72
118            <intent-filter>
118-->[com.google.firebase:firebase-auth:21.1.0] AndroidManifest.xml:33:13-43:29
119                <action android:name="android.intent.action.VIEW" />
119-->[com.google.firebase:firebase-auth:21.1.0] AndroidManifest.xml:34:17-69
119-->[com.google.firebase:firebase-auth:21.1.0] AndroidManifest.xml:34:25-66
120
121                <category android:name="android.intent.category.DEFAULT" />
121-->[com.google.firebase:firebase-auth:21.1.0] AndroidManifest.xml:36:17-76
121-->[com.google.firebase:firebase-auth:21.1.0] AndroidManifest.xml:36:27-73
122                <category android:name="android.intent.category.BROWSABLE" />
122-->[com.google.firebase:firebase-auth:21.1.0] AndroidManifest.xml:37:17-78
122-->[com.google.firebase:firebase-auth:21.1.0] AndroidManifest.xml:37:27-75
123
124                <data
124-->[com.google.firebase:firebase-auth:21.1.0] AndroidManifest.xml:39:17-42:51
125                    android:host="firebase.auth"
125-->[com.google.firebase:firebase-auth:21.1.0] AndroidManifest.xml:40:21-49
126                    android:path="/"
126-->[com.google.firebase:firebase-auth:21.1.0] AndroidManifest.xml:41:21-37
127                    android:scheme="genericidp" />
127-->[com.google.firebase:firebase-auth:21.1.0] AndroidManifest.xml:42:21-48
128            </intent-filter>
129        </activity>
130        <activity
130-->[com.google.firebase:firebase-auth:21.1.0] AndroidManifest.xml:45:9-62:20
131            android:name="com.google.firebase.auth.internal.RecaptchaActivity"
131-->[com.google.firebase:firebase-auth:21.1.0] AndroidManifest.xml:46:13-79
132            android:excludeFromRecents="true"
132-->[com.google.firebase:firebase-auth:21.1.0] AndroidManifest.xml:47:13-46
133            android:exported="true"
133-->[com.google.firebase:firebase-auth:21.1.0] AndroidManifest.xml:48:13-36
134            android:launchMode="singleTask"
134-->[com.google.firebase:firebase-auth:21.1.0] AndroidManifest.xml:49:13-44
135            android:theme="@android:style/Theme.Translucent.NoTitleBar" >
135-->[com.google.firebase:firebase-auth:21.1.0] AndroidManifest.xml:50:13-72
136            <intent-filter>
136-->[com.google.firebase:firebase-auth:21.1.0] AndroidManifest.xml:51:13-61:29
137                <action android:name="android.intent.action.VIEW" />
137-->[com.google.firebase:firebase-auth:21.1.0] AndroidManifest.xml:34:17-69
137-->[com.google.firebase:firebase-auth:21.1.0] AndroidManifest.xml:34:25-66
138
139                <category android:name="android.intent.category.DEFAULT" />
139-->[com.google.firebase:firebase-auth:21.1.0] AndroidManifest.xml:36:17-76
139-->[com.google.firebase:firebase-auth:21.1.0] AndroidManifest.xml:36:27-73
140                <category android:name="android.intent.category.BROWSABLE" />
140-->[com.google.firebase:firebase-auth:21.1.0] AndroidManifest.xml:37:17-78
140-->[com.google.firebase:firebase-auth:21.1.0] AndroidManifest.xml:37:27-75
141
142                <data
142-->[com.google.firebase:firebase-auth:21.1.0] AndroidManifest.xml:39:17-42:51
143                    android:host="firebase.auth"
143-->[com.google.firebase:firebase-auth:21.1.0] AndroidManifest.xml:40:21-49
144                    android:path="/"
144-->[com.google.firebase:firebase-auth:21.1.0] AndroidManifest.xml:41:21-37
145                    android:scheme="recaptcha" />
145-->[com.google.firebase:firebase-auth:21.1.0] AndroidManifest.xml:42:21-48
146            </intent-filter>
147        </activity> <!-- Needs to be explicitly declared on P+ -->
148        <uses-library
148-->[com.google.android.gms:play-services-maps:18.1.0] AndroidManifest.xml:39:9-41:40
149            android:name="org.apache.http.legacy"
149-->[com.google.android.gms:play-services-maps:18.1.0] AndroidManifest.xml:40:13-50
150            android:required="false" />
150-->[com.google.android.gms:play-services-maps:18.1.0] AndroidManifest.xml:41:13-37
151
152        <activity
152-->[com.google.android.gms:play-services-base:18.0.1] AndroidManifest.xml:20:9-22:45
153            android:name="com.google.android.gms.common.api.GoogleApiActivity"
153-->[com.google.android.gms:play-services-base:18.0.1] AndroidManifest.xml:20:19-85
154            android:exported="false"
154-->[com.google.android.gms:play-services-base:18.0.1] AndroidManifest.xml:22:19-43
155            android:theme="@android:style/Theme.Translucent.NoTitleBar" />
155-->[com.google.android.gms:play-services-base:18.0.1] AndroidManifest.xml:21:19-78
156
157        <provider
157-->[com.google.firebase:firebase-common:20.2.0] AndroidManifest.xml:25:9-30:39
158            android:name="com.google.firebase.provider.FirebaseInitProvider"
158-->[com.google.firebase:firebase-common:20.2.0] AndroidManifest.xml:26:13-77
159            android:authorities="com.example.smartalerts.firebaseinitprovider"
159-->[com.google.firebase:firebase-common:20.2.0] AndroidManifest.xml:27:13-72
160            android:directBootAware="true"
160-->[com.google.firebase:firebase-common:20.2.0] AndroidManifest.xml:28:13-43
161            android:exported="false"
161-->[com.google.firebase:firebase-common:20.2.0] AndroidManifest.xml:29:13-37
162            android:initOrder="100" />
162-->[com.google.firebase:firebase-common:20.2.0] AndroidManifest.xml:30:13-36
163
164        <meta-data
164-->[com.google.android.gms:play-services-basement:18.1.0] AndroidManifest.xml:21:9-23:69
165            android:name="com.google.android.gms.version"
165-->[com.google.android.gms:play-services-basement:18.1.0] AndroidManifest.xml:22:13-58
166            android:value="@integer/google_play_services_version" />
166-->[com.google.android.gms:play-services-basement:18.1.0] AndroidManifest.xml:23:13-66
167
168        <provider
168-->[androidx.emoji2:emoji2:1.2.0] AndroidManifest.xml:24:9-32:20
169            android:name="androidx.startup.InitializationProvider"
169-->[androidx.emoji2:emoji2:1.2.0] AndroidManifest.xml:25:13-67
170            android:authorities="com.example.smartalerts.androidx-startup"
170-->[androidx.emoji2:emoji2:1.2.0] AndroidManifest.xml:26:13-68
171            android:exported="false" >
171-->[androidx.emoji2:emoji2:1.2.0] AndroidManifest.xml:27:13-37
172            <meta-data
172-->[androidx.emoji2:emoji2:1.2.0] AndroidManifest.xml:29:13-31:52
173                android:name="androidx.emoji2.text.EmojiCompatInitializer"
173-->[androidx.emoji2:emoji2:1.2.0] AndroidManifest.xml:30:17-75
174                android:value="androidx.startup" />
174-->[androidx.emoji2:emoji2:1.2.0] AndroidManifest.xml:31:17-49
175            <meta-data
175-->[androidx.lifecycle:lifecycle-process:2.4.1] AndroidManifest.xml:31:13-33:52
176                android:name="androidx.lifecycle.ProcessLifecycleInitializer"
176-->[androidx.lifecycle:lifecycle-process:2.4.1] AndroidManifest.xml:32:17-78
177                android:value="androidx.startup" />
177-->[androidx.lifecycle:lifecycle-process:2.4.1] AndroidManifest.xml:33:17-49
178        </provider>
179    </application>
180
181</manifest>